{"/Users/michele.brissoni@ibm.com/ProgettiGit/IBM/XPFarm/CoachMe/NodeJs/TicTacToe/babel.config.js":{"path":"/Users/michele.brissoni@ibm.com/ProgettiGit/IBM/XPFarm/CoachMe/NodeJs/TicTacToe/babel.config.js","s":{"1":1,"2":1,"3":1,"4":1},"b":{},"f":{},"fnMap":{},"statementMap":{"1":{"start":{"line":1,"column":0},"end":{"line":14,"column":2}},"2":{"start":{"line":16,"column":0},"end":{"line":16,"column":24}},"3":{"start":{"line":17,"column":0},"end":{"line":17,"column":25}},"4":{"start":{"line":19,"column":0},"end":{"line":23,"column":2}}},"branchMap":{}}}